<?xml version="1.0" encoding="UTF-8"?>
<robot generator="Robot 6.1.1 (Python 3.11.3 on win32)" generated="20230914 16:39:26.008" rpa="false" schemaversion="4">
<suite id="s1" name="Scripts" source="g:\Bois_de_Boulogne\Season4\Project Synthese\Exemple_keywords\MyKeywords\MyKeywords\Scripts\Scripts.robot">
<test id="s1-t1" name="Afficher un module dans un site deja cree" line="43">
<kw name="Login" library="keywords">
<arg>${vURL}</arg>
<arg>${vBrowser}</arg>
<arg>${vUsername}</arg>
<arg>${vPassword}</arg>
<kw name="Set Selenium Timeout" library="SeleniumLibrary">
<arg>${TIMEOUT}</arg>
<doc>Sets the timeout that is used by various keywords.</doc>
<status status="PASS" starttime="20230914 16:39:26.300" endtime="20230914 16:39:26.301"/>
</kw>
<kw name="Open Browser" library="SeleniumLibrary">
<arg>${vURL}</arg>
<arg>${vBrowser}</arg>
<arg>options=add_argument('--lang=fr')</arg>
<doc>Opens a new browser instance to the optional ``url``.</doc>
<msg timestamp="20230914 16:39:26.302" level="INFO">Opening browser 'chrome' to base url 'http://localhost:8088/share/page'.</msg>
<status status="PASS" starttime="20230914 16:39:26.301" endtime="20230914 16:39:28.751"/>
</kw>
<kw name="Maximize Browser Window" library="SeleniumLibrary">
<doc>Maximizes current browser window.</doc>
<status status="PASS" starttime="20230914 16:39:28.752" endtime="20230914 16:39:28.889"/>
</kw>
<kw name="Input Text" library="SeleniumLibrary">
<arg>${txt_UserName}</arg>
<arg>${vUsername}</arg>
<doc>Types the given ``text`` into the text field identified by ``locator``.</doc>
<msg timestamp="20230914 16:39:28.891" level="INFO">Typing text 'admin' into text field 'name=username'.</msg>
<status status="PASS" starttime="20230914 16:39:28.889" endtime="20230914 16:39:29.029"/>
</kw>
<kw name="Input Text" library="SeleniumLibrary">
<arg>${txt_Password}</arg>
<arg>${vPassword}</arg>
<doc>Types the given ``text`` into the text field identified by ``locator``.</doc>
<msg timestamp="20230914 16:39:29.031" level="INFO">Typing text '12345678' into text field 'name=password'.</msg>
<status status="PASS" starttime="20230914 16:39:29.030" endtime="20230914 16:39:29.147"/>
</kw>
<kw name="Click Button" library="SeleniumLibrary">
<arg>${btn_Login}</arg>
<doc>Clicks the button identified by ``locator``.</doc>
<msg timestamp="20230914 16:39:29.148" level="INFO">Clicking button 'xpath=//button[contains(text(), 'Connexion')]'.</msg>
<status status="PASS" starttime="20230914 16:39:29.147" endtime="20230914 16:39:30.089"/>
</kw>
<kw name="Wait Until Element Is Visible" library="SeleniumLibrary">
<arg>${lblTitle}</arg>
<doc>Waits until the element ``locator`` is visible.</doc>
<status status="PASS" starttime="20230914 16:39:30.090" endtime="20230914 16:39:30.117"/>
</kw>
<kw name="Element Should Contain" library="SeleniumLibrary">
<arg>${lblTitle}</arg>
<arg>Tableau de bord de</arg>
<doc>Verifies that element ``locator`` contains text ``expected``.</doc>
<msg timestamp="20230914 16:39:30.138" level="INFO">Element 'xpath=//h1[@id='HEADER_TITLE']/span' contains text 'Tableau de bord de'.</msg>
<status status="PASS" starttime="20230914 16:39:30.117" endtime="20230914 16:39:30.138"/>
</kw>
<status status="PASS" starttime="20230914 16:39:26.300" endtime="20230914 16:39:30.139"/>
</kw>
<kw name="Sleep" library="BuiltIn">
<arg>3</arg>
<doc>Pauses the test executed for the given time.</doc>
<msg timestamp="20230914 16:39:33.140" level="INFO">Slept 3 seconds</msg>
<status status="PASS" starttime="20230914 16:39:30.139" endtime="20230914 16:39:33.141"/>
</kw>
<kw name="Afficher un module dans un site" library="keywords">
<arg>${nomSite}</arg>
<arg>${nom_Module}</arg>
<kw name="Wait Until Element Is Visible" library="SeleniumLibrary">
<arg>${link_HeaderAccueil}</arg>
<doc>Waits until the element ``locator`` is visible.</doc>
<status status="PASS" starttime="20230914 16:39:33.144" endtime="20230914 16:39:33.174"/>
</kw>
<kw name="Sleep" library="BuiltIn">
<arg>3</arg>
<doc>Pauses the test executed for the given time.</doc>
<msg timestamp="20230914 16:39:36.175" level="INFO">Slept 3 seconds</msg>
<status status="PASS" starttime="20230914 16:39:33.174" endtime="20230914 16:39:36.176"/>
</kw>
<kw name="Go To" library="SeleniumLibrary">
<arg>${vURL}/site/${nomSite}/dashboard</arg>
<doc>Navigates the current browser window to the provided ``url``.</doc>
<msg timestamp="20230914 16:39:36.178" level="INFO">Opening url 'http://localhost:8088/share/page/site/Groupe1247/dashboard'</msg>
<status status="PASS" starttime="20230914 16:39:36.176" endtime="20230914 16:39:36.833"/>
</kw>
<kw name="Sleep" library="BuiltIn">
<arg>3</arg>
<doc>Pauses the test executed for the given time.</doc>
<msg timestamp="20230914 16:39:39.834" level="INFO">Slept 3 seconds</msg>
<status status="PASS" starttime="20230914 16:39:36.833" endtime="20230914 16:39:39.835"/>
</kw>
<kw name="Get Text" library="SeleniumLibrary">
<var>${nomModuleExist}</var>
<arg>${nom_Module_Locator_P1}${nomModule}${nom_Module_Locator_P2}</arg>
<doc>Returns the text value of the element identified by ``locator``.</doc>
<msg timestamp="20230914 16:39:39.868" level="INFO">${nomModuleExist} = </msg>
<status status="PASS" starttime="20230914 16:39:39.835" endtime="20230914 16:39:39.869"/>
</kw>
<if>
<branch type="IF" condition="&quot;${nomModuleExist}&quot; == &quot;${nomModule}&quot;">
<kw name="Click Element" library="SeleniumLibrary">
<arg>${nom_Module_Locator_P1}${nomModule}${nom_Module_Locator_P2}</arg>
<doc>Click the element identified by ``locator``.</doc>
<status status="NOT RUN" starttime="20230914 16:39:39.871" endtime="20230914 16:39:39.871"/>
</kw>
<kw name="Sleep" library="BuiltIn">
<arg>3</arg>
<doc>Pauses the test executed for the given time.</doc>
<status status="NOT RUN" starttime="20230914 16:39:39.872" endtime="20230914 16:39:39.872"/>
</kw>
<status status="NOT RUN" starttime="20230914 16:39:39.870" endtime="20230914 16:39:39.873"/>
</branch>
<branch type="ELSE">
<kw name="Click Element" library="SeleniumLibrary">
<arg>${btn_Plus}</arg>
<doc>Click the element identified by ``locator``.</doc>
<msg timestamp="20230914 16:39:39.876" level="INFO">Clicking element 'xpath://span[@id='HEADER_SITE_MORE_PAGES_text']'.</msg>
<status status="PASS" starttime="20230914 16:39:39.874" endtime="20230914 16:39:40.016"/>
</kw>
<kw name="Sleep" library="BuiltIn">
<arg>3</arg>
<doc>Pauses the test executed for the given time.</doc>
<msg timestamp="20230914 16:39:43.018" level="INFO">Slept 3 seconds</msg>
<status status="PASS" starttime="20230914 16:39:40.016" endtime="20230914 16:39:43.018"/>
</kw>
<kw name="Click Element" library="SeleniumLibrary">
<arg>${nom_Module_De_Liste_P1}${nomModule}${nom_Module_De_Liste_P2}</arg>
<doc>Click the element identified by ``locator``.</doc>
<msg timestamp="20230914 16:39:43.021" level="INFO">Clicking element 'xpath://a[@title='Calendrier']'.</msg>
<status status="PASS" starttime="20230914 16:39:43.019" endtime="20230914 16:39:43.669"/>
</kw>
<kw name="Sleep" library="BuiltIn">
<arg>3</arg>
<doc>Pauses the test executed for the given time.</doc>
<msg timestamp="20230914 16:39:46.671" level="INFO">Slept 3 seconds</msg>
<status status="PASS" starttime="20230914 16:39:43.670" endtime="20230914 16:39:46.671"/>
</kw>
<status status="PASS" starttime="20230914 16:39:39.873" endtime="20230914 16:39:46.671"/>
</branch>
<status status="PASS" starttime="20230914 16:39:39.869" endtime="20230914 16:39:46.672"/>
</if>
<status status="PASS" starttime="20230914 16:39:33.142" endtime="20230914 16:39:46.672"/>
</kw>
<kw name="Sleep" library="BuiltIn">
<arg>3</arg>
<doc>Pauses the test executed for the given time.</doc>
<msg timestamp="20230914 16:39:49.675" level="INFO">Slept 3 seconds</msg>
<status status="PASS" starttime="20230914 16:39:46.673" endtime="20230914 16:39:49.675"/>
</kw>
<kw name="Logout" library="keywords">
<kw name="Wait Until Element Is Visible" library="SeleniumLibrary">
<arg>${link_HeaderUserMenu}</arg>
<doc>Waits until the element ``locator`` is visible.</doc>
<status status="PASS" starttime="20230914 16:39:49.678" endtime="20230914 16:39:49.716"/>
</kw>
<kw name="Click Element" library="SeleniumLibrary">
<arg>${link_HeaderUserMenu}</arg>
<doc>Click the element identified by ``locator``.</doc>
<msg timestamp="20230914 16:39:49.719" level="INFO">Clicking element 'id=HEADER_USER_MENU_POPUP'.</msg>
<status status="PASS" starttime="20230914 16:39:49.718" endtime="20230914 16:39:49.792"/>
</kw>
<kw name="Wait Until Element Is Visible" library="SeleniumLibrary">
<arg>${link_HeaderDeconnexion}</arg>
<doc>Waits until the element ``locator`` is visible.</doc>
<status status="PASS" starttime="20230914 16:39:49.793" endtime="20230914 16:39:49.836"/>
</kw>
<kw name="Click Element" library="SeleniumLibrary">
<arg>${link_HeaderDeconnexion}</arg>
<doc>Click the element identified by ``locator``.</doc>
<msg timestamp="20230914 16:39:49.837" level="INFO">Clicking element 'id=HEADER_USER_MENU_LOGOUT'.</msg>
<status status="PASS" starttime="20230914 16:39:49.837" endtime="20230914 16:39:49.898"/>
</kw>
<status status="PASS" starttime="20230914 16:39:49.677" endtime="20230914 16:39:49.898"/>
</kw>
<status status="PASS" starttime="20230914 16:39:26.299" endtime="20230914 16:39:49.899"/>
</test>
<status status="PASS" starttime="20230914 16:39:26.014" endtime="20230914 16:39:49.903"/>
</suite>
<statistics>
<total>
<stat pass="1" fail="0" skip="0">All Tests</stat>
</total>
<tag>
</tag>
<suite>
<stat pass="1" fail="0" skip="0" id="s1" name="Scripts">Scripts</stat>
</suite>
</statistics>
<errors>
</errors>
</robot>
